                                        
                                        
    @@@@@@@@@@@@@@@@@@@@@@@@@@@@@@@@    
    @@@                          @@@    
    @@@                          @@@    
    @@@@@@@@@@@@@@@@@@@@@@@@@@   @@@    
                           @@@   @@@    
                           @@@   @@@    
    @@@   @@@@@@@@@@#      @@@   @@@    
    @@@           @@@      @@@   @@@    
    @@@           @@@      @@@   @@@    
    @@@   @@@@@@@@@@#      @@@   @@@    
    @@@   @@@              @@@   @@@    
    @@@   @@@              @@@   @@@    
    @@@   @@@@@@@@@@@@@@@@@@@@   @@@    
    @@@                          @@@    
    @@@                          @@@    
    @@@@@@@@@@@@@@@@@@@@@@@@@@@@@@@@    
                                        
                                        
>>> server directory:/usr/local
>>> version:6.2.1.java8
>>> java:1.8.0_271
>>> os:Linux
>>> nodeAgent port:20010, encrypt:true
 help                                   show usage message.
 start|stop [all]                       start stop all enable server.
 start|stop data                        start stop data server.
 start|stop storage                     start stop storage server.
 start|stop center                      start stop center server.
 start|stop application                 start stop application server.
 start|stop web                         start stop web server.
 setPassword (oldpasswd) (newpasswd)    change initial manager password.
 create encrypt key                     create random RSA key.
 version                                show available update version.
 exit                                   exit after stop.
 ctl -<argument> option                 system control command, no argument display help.

****************************************
* data server start completed.
* port: 20050.
* web console port: 20051.
****************************************
****************************************
* storage server start completed.
* port: 20040.
****************************************
2021-07-21 10:53:43.354 PRINT [main] com.x.server.console.server.center.CenterServerTools - deploy war:/usr/local/x_program_center.war.
2021-07-21 10:53:44.604 PRINT [main] com.x.program.center.Context - com.x.base.core.project.x_program_center loading datas, entity size:26.
Jul 21, 2021 10:53:45 AM com.alibaba.druid.pool.DruidDataSource info
INFO: {dataSource-1} inited
2021-07-21 10:53:46.333 INFO [main] com.x.base.core.project.queue.AbstractQueue - queue class: com.x.program.center.CenterQueue start.
2021-07-21 10:53:46.335 INFO [main] com.x.base.core.project.queue.AbstractQueue - queue class: com.x.program.center.LogQueue start.
****************************************
* center server start completed.
* port: 20030.
****************************************
2021-07-21 10:53:50.115 PRINT [main] com.x.server.console.server.application.ApplicationServerTools - start to deploy official module: 25, custom module: 0.
2021-07-21 10:53:50.122 PRINT [ForkJoinPool.commonPool-worker-1] com.x.server.console.server.application.ApplicationServerTools - deploy war:/usr/local/x_message_assemble_communicate.war.
2021-07-21 10:53:50.122 PRINT [main] com.x.server.console.server.application.ApplicationServerTools - deploy war:/usr/local/x_attendance_assemble_control.war.
2021-07-21 10:53:50.132 PRINT [ForkJoinPool.commonPool-worker-0] com.x.server.console.server.application.ApplicationServerTools - deploy war:/usr/local/x_organization_assemble_control.war.
2021-07-21 10:53:50.179 PRINT [ForkJoinPool.commonPool-worker-1] com.x.server.console.server.application.ApplicationServerTools - deploy war:/usr/local/x_calendar_assemble_control.war.
2021-07-21 10:53:50.213 PRINT [ForkJoinPool.commonPool-worker-1] com.x.server.console.server.application.ApplicationServerTools - deploy war:/usr/local/x_processplatform_service_processing.war.
2021-07-21 10:53:50.310 PRINT [main] com.x.server.console.server.application.ApplicationServerTools - deploy war:/usr/local/x_bbs_assemble_control.war.
2021-07-21 10:53:50.346 PRINT [ForkJoinPool.commonPool-worker-0] com.x.server.console.server.application.ApplicationServerTools - deploy war:/usr/local/x_organization_assemble_personal.war.
2021-07-21 10:53:50.356 PRINT [ForkJoinPool.commonPool-worker-1] com.x.server.console.server.application.ApplicationServerTools - deploy war:/usr/local/x_processplatform_assemble_designer.war.
2021-07-21 10:53:50.402 PRINT [ForkJoinPool.commonPool-worker-0] com.x.server.console.server.application.ApplicationServerTools - deploy war:/usr/local/x_component_assemble_control.war.
2021-07-21 10:53:50.417 PRINT [ForkJoinPool.commonPool-worker-0] com.x.server.console.server.application.ApplicationServerTools - deploy war:/usr/local/x_general_assemble_control.war.
2021-07-21 10:53:50.437 PRINT [ForkJoinPool.commonPool-worker-0] com.x.server.console.server.application.ApplicationServerTools - deploy war:/usr/local/x_organization_assemble_authentication.war.
2021-07-21 10:53:50.459 PRINT [ForkJoinPool.commonPool-worker-1] com.x.server.console.server.application.ApplicationServerTools - deploy war:/usr/local/x_processplatform_assemble_surface.war.
2021-07-21 10:53:50.468 PRINT [main] com.x.server.console.server.application.ApplicationServerTools - deploy war:/usr/local/x_file_assemble_control.war.
2021-07-21 10:53:50.488 PRINT [ForkJoinPool.commonPool-worker-0] com.x.server.console.server.application.ApplicationServerTools - deploy war:/usr/local/x_organization_assemble_express.war.
2021-07-21 10:53:50.534 PRINT [main] com.x.server.console.server.application.ApplicationServerTools - deploy war:/usr/local/x_cms_assemble_control.war.
2021-07-21 10:53:50.562 PRINT [ForkJoinPool.commonPool-worker-0] com.x.server.console.server.application.ApplicationServerTools - deploy war:/usr/local/x_query_service_processing.war.
2021-07-21 10:53:50.585 PRINT [ForkJoinPool.commonPool-worker-0] com.x.server.console.server.application.ApplicationServerTools - deploy war:/usr/local/x_query_assemble_designer.war.
2021-07-21 10:53:50.652 PRINT [ForkJoinPool.commonPool-worker-0] com.x.server.console.server.application.ApplicationServerTools - deploy war:/usr/local/x_query_assemble_surface.war.
2021-07-21 10:53:50.818 PRINT [ForkJoinPool.commonPool-worker-0] com.x.server.console.server.application.ApplicationServerTools - deploy war:/usr/local/x_jpush_assemble_control.war.
2021-07-21 10:53:50.846 PRINT [main] com.x.server.console.server.application.ApplicationServerTools - deploy war:/usr/local/x_portal_assemble_designer.war.
2021-07-21 10:53:50.869 PRINT [ForkJoinPool.commonPool-worker-0] com.x.server.console.server.application.ApplicationServerTools - deploy war:/usr/local/x_meeting_assemble_control.war.
2021-07-21 10:53:50.909 PRINT [ForkJoinPool.commonPool-worker-1] com.x.server.console.server.application.ApplicationServerTools - deploy war:/usr/local/x_processplatform_assemble_bam.war.
2021-07-21 10:53:50.936 PRINT [ForkJoinPool.commonPool-worker-0] com.x.server.console.server.application.ApplicationServerTools - deploy war:/usr/local/x_mind_assemble_control.war.
2021-07-21 10:53:50.946 PRINT [main] com.x.server.console.server.application.ApplicationServerTools - deploy war:/usr/local/x_portal_assemble_surface.war.
2021-07-21 10:53:50.968 PRINT [ForkJoinPool.commonPool-worker-0] com.x.server.console.server.application.ApplicationServerTools - deploy war:/usr/local/x_hotpic_assemble_control.war.
2021-07-21 10:53:51.346 PRINT [main] com.x.base.core.project.Context - com.x.base.core.project.x_message_assemble_communicate loading datas, entity size:9.
2021-07-21 10:53:51.591 INFO [main] com.x.base.core.project.queue.AbstractQueue - queue class: com.x.message.assemble.communicate.WsConsumeQueue start.
2021-07-21 10:53:51.593 INFO [main] com.x.base.core.project.queue.AbstractQueue - queue class: com.x.message.assemble.communicate.PmsConsumeQueue start.
2021-07-21 10:53:51.594 INFO [main] com.x.base.core.project.queue.AbstractQueue - queue class: com.x.message.assemble.communicate.CalendarConsumeQueue start.
2021-07-21 10:53:52.013 PRINT [main] com.x.base.core.project.Context - com.x.base.core.project.x_calendar_assemble_control loading datas, entity size:6.
2021-07-21 10:53:52.609 PRINT [main] com.x.base.core.project.Context - com.x.base.core.project.x_attendance_assemble_control loading datas, entity size:28.
2021-07-21 10:53:53.268 INFO [main] com.x.base.core.project.queue.AbstractQueue - queue class: com.x.attendance.assemble.control.QueuePersonAttendanceDetailAnalyse start.
2021-07-21 10:53:53.269 INFO [main] com.x.base.core.project.queue.AbstractQueue - queue class: com.x.attendance.assemble.control.QueueAttendanceDetailStatistic start.
2021-07-21 10:53:53.897 PRINT [main] com.x.base.core.project.Context - com.x.base.core.project.x_organization_assemble_control loading datas, entity size:12.
2021-07-21 10:53:54.533 PRINT [main] com.x.base.core.project.Context - com.x.base.core.project.x_processplatform_service_processing loading datas, entity size:44.
2021-07-21 10:53:55.233 INFO [main] com.x.base.core.project.queue.AbstractQueue - queue class: com.x.processplatform.service.processing.processor.invoke.SyncJaxrsInvokeQueue start.
2021-07-21 10:53:55.239 INFO [main] com.x.base.core.project.queue.AbstractQueue - queue class: com.x.processplatform.service.processing.processor.invoke.SyncJaxwsInvokeQueue start.
2021-07-21 10:53:55.241 INFO [main] com.x.base.core.project.queue.AbstractQueue - queue class: com.x.processplatform.service.processing.processor.embed.SyncEmbedQueue start.
2021-07-21 10:53:55.649 PRINT [main] com.x.base.core.project.Context - com.x.base.core.project.x_organization_assemble_personal loading datas, entity size:12.
2021-07-21 10:53:55.890 INFO [main] com.x.base.core.project.queue.AbstractQueue - queue class: com.x.organization.assemble.personal.jaxrs.exmail.QueueUpdateExmail start.
2021-07-21 10:53:56.204 PRINT [main] com.x.base.core.project.Context - com.x.base.core.project.x_component_assemble_control loading datas, entity size:1.
2021-07-21 10:53:56.835 PRINT [main] com.x.base.core.project.Context - com.x.base.core.project.x_general_assemble_control loading datas, entity size:2.
2021-07-21 10:53:57.275 PRINT [main] com.x.base.core.project.Context - com.x.base.core.project.x_processplatform_assemble_designer loading datas, entity size:49.
2021-07-21 10:53:57.916 INFO [main] com.x.base.core.project.queue.AbstractQueue - queue class: com.x.processplatform.assemble.designer.ProjectionExecuteQueue start.
2021-07-21 10:53:57.918 INFO [main] com.x.base.core.project.queue.AbstractQueue - queue class: com.x.processplatform.assemble.designer.MappingExecuteQueue start.
2021-07-21 10:53:57.921 INFO [main] com.x.base.core.project.queue.AbstractQueue - queue class: com.x.processplatform.assemble.designer.FormVersionQueue start.
2021-07-21 10:53:57.922 INFO [main] com.x.base.core.project.queue.AbstractQueue - queue class: com.x.processplatform.assemble.designer.ProcessVersionQueue start.
2021-07-21 10:53:57.924 INFO [main] com.x.base.core.project.queue.AbstractQueue - queue class: com.x.processplatform.assemble.designer.ScriptVersionQueue start.
2021-07-21 10:53:58.341 PRINT [main] com.x.base.core.project.Context - com.x.base.core.project.x_bbs_assemble_control loading datas, entity size:17.
2021-07-21 10:53:59.093 INFO [main] com.x.base.core.project.queue.AbstractQueue - queue class: com.x.bbs.assemble.control.queue.QueueNewReplyNotify start.
2021-07-21 10:53:59.095 INFO [main] com.x.base.core.project.queue.AbstractQueue - queue class: com.x.bbs.assemble.control.queue.QueueNewSubjectNotify start.
2021-07-21 10:53:59.896 PRINT [main] com.x.base.core.project.Context - com.x.base.core.project.x_organization_assemble_authentication loading datas, entity size:5.
2021-07-21 10:54:00.108 INFO [main] com.x.base.core.project.queue.AbstractQueue - queue class: com.x.organization.assemble.authentication.jaxrs.authentication.QueueLoginRecord start.
2021-07-21 10:54:00.429 PRINT [main] com.x.base.core.project.Context - com.x.base.core.project.x_file_assemble_control loading datas, entity size:9.
2021-07-21 10:54:00.626 INFO [main] com.x.base.core.project.queue.AbstractQueue - queue class: com.x.file.assemble.control.jaxrs.file.FileRemoveQueue start.
2021-07-21 10:54:00.999 PRINT [main] com.x.base.core.project.Context - com.x.base.core.project.x_organization_assemble_express loading datas, entity size:10.
2021-07-21 10:54:01.737 PRINT [main] com.x.base.core.project.Context - com.x.base.core.project.x_query_service_processing loading datas, entity size:24.
2021-07-21 10:54:02.337 PRINT [main] com.x.base.core.project.Context - com.x.base.core.project.x_query_assemble_designer loading datas, entity size:32.
2021-07-21 10:54:03.093 PRINT [main] com.x.base.core.project.Context - com.x.base.core.project.x_query_assemble_surface loading datas, entity size:46.
2021-07-21 10:54:03.578 INFO [main] com.x.base.core.project.queue.AbstractQueue - com.x.query.assemble.surface.queue.QueueImportData new fixed thread pool with max thread count : 2
2021-07-21 10:54:03.580 INFO [main] com.x.base.core.project.queue.AbstractQueue - queue class: com.x.query.assemble.surface.queue.QueueImportData start.
2021-07-21 10:54:03.943 PRINT [main] com.x.base.core.project.Context - com.x.base.core.project.x_cms_assemble_control loading datas, entity size:31.
2021-07-21 10:54:04.270 INFO [main] com.x.base.core.project.queue.AbstractQueue - queue class: com.x.cms.assemble.control.queue.QueueBatchOperation start.
2021-07-21 10:54:04.272 INFO [main] com.x.base.core.project.queue.AbstractQueue - queue class: com.x.cms.assemble.control.queue.QueueDocumentDelete start.
2021-07-21 10:54:04.279 INFO [main] com.x.base.core.project.queue.AbstractQueue - queue class: com.x.cms.assemble.control.queue.QueueDataRowImport start.
2021-07-21 10:54:04.285 INFO [main] com.x.base.core.project.queue.AbstractQueue - queue class: com.x.cms.assemble.control.queue.QueueDocumentUpdate start.
2021-07-21 10:54:04.287 INFO [main] com.x.base.core.project.queue.AbstractQueue - queue class: com.x.cms.assemble.control.queue.QueueDocumentViewCountUpdate start.
2021-07-21 10:54:04.289 INFO [main] com.x.base.core.project.queue.AbstractQueue - com.x.cms.assemble.control.queue.QueueSendDocumentNotify new fixed thread pool with max thread count : 3
2021-07-21 10:54:04.291 INFO [main] com.x.base.core.project.queue.AbstractQueue - queue class: com.x.cms.assemble.control.queue.QueueSendDocumentNotify start.
2021-07-21 10:54:05.305 PRINT [main] com.x.base.core.project.Context - com.x.base.core.project.x_jpush_assemble_control loading datas, entity size:1.
2021-07-21 10:54:05.868 PRINT [main] com.x.base.core.project.Context - com.x.base.core.project.x_processplatform_assemble_surface loading datas, entity size:46.
2021-07-21 10:54:07.054 PRINT [main] com.x.base.core.project.Context - com.x.base.core.project.x_meeting_assemble_control loading datas, entity size:4.
2021-07-21 10:54:07.597 PRINT [main] com.x.base.core.project.Context - com.x.base.core.project.x_processplatform_assemble_bam loading datas, entity size:33.
2021-07-21 10:54:08.321 PRINT [main] com.x.base.core.project.Context - com.x.base.core.project.x_portal_assemble_designer loading datas, entity size:8.
2021-07-21 10:54:08.824 PRINT [main] com.x.base.core.project.Context - com.x.base.core.project.x_mind_assemble_control loading datas, entity size:8.
2021-07-21 10:54:09.053 INFO [main] com.x.base.core.project.queue.AbstractQueue - queue class: com.x.mind.assemble.control.queue.QueueShareNotify start.
2021-07-21 10:54:09.495 PRINT [main] com.x.base.core.project.Context - com.x.base.core.project.x_portal_assemble_surface loading datas, entity size:7.
2021-07-21 10:54:09.973 PRINT [main] com.x.base.core.project.Context - com.x.base.core.project.x_hotpic_assemble_control loading datas, entity size:3.
2021-07-21 10:54:10.231 INFO [main] com.x.base.core.project.queue.AbstractQueue - queue class: com.x.hotpic.assemble.control.queueTask.DocumentExistsCheckTask start.
****************************************
* application server start completed.
* port: 20020.
****************************************
****************************************
* web server start completed.
* port: 80.
****************************************
2021-07-21 10:56:46.379 INFO [DefaultQuartzScheduler_Worker-1] com.x.program.center.schedule.FireSchedule - fire schedule className: com.x.calendar.assemble.control.schedule.AlarmTrigger, cron: 0/30 * * * * ?, node: 127.0.0.1, application: com.x.base.core.project.x_calendar_assemble_control.
2021-07-21 10:56:46.430 INFO [DefaultQuartzScheduler_Worker-1] com.x.program.center.schedule.FireSchedule - fire schedule className: com.x.calendar.assemble.control.schedule.CheckEventComment, cron: 4 4 */2 * * ?, node: 127.0.0.1, application: com.x.base.core.project.x_calendar_assemble_control.
2021-07-21 10:56:46.443 INFO [DefaultQuartzScheduler_Worker-1] com.x.program.center.schedule.FireSchedule - fire schedule className: com.x.processplatform.assemble.surface.schedule.CleanKeyLock, cron: 2 0/2 * * * ?, node: 127.0.0.1, application: com.x.base.core.project.x_processplatform_assemble_surface.
2021-07-21 10:56:46.482 INFO [DefaultQuartzScheduler_Worker-1] com.x.program.center.schedule.FireSchedule - fire schedule className: com.x.general.assemble.control.schedule.Clean, cron: 0 0 2 * * ?, node: 127.0.0.1, application: com.x.base.core.project.x_general_assemble_control.
2021-07-21 10:56:46.517 INFO [DefaultQuartzScheduler_Worker-1] com.x.program.center.schedule.FireSchedule - fire schedule className: com.x.message.assemble.communicate.schedule.Clean, cron: 30 30 6 * * ?, node: 127.0.0.1, application: com.x.base.core.project.x_message_assemble_communicate.
2021-07-21 10:56:46.550 INFO [DefaultQuartzScheduler_Worker-1] com.x.program.center.schedule.FireSchedule - fire schedule className: com.x.processplatform.service.processing.schedule.Expire, cron: 45 0/15 8-18 * * ?, node: 127.0.0.1, application: com.x.base.core.project.x_processplatform_service_processing.
2021-07-21 10:56:46.586 INFO [DefaultQuartzScheduler_Worker-1] com.x.program.center.schedule.FireSchedule - fire schedule className: com.x.processplatform.service.processing.schedule.LogLongDetained, cron: 0 0 4 * * ?, node: 127.0.0.1, application: com.x.base.core.project.x_processplatform_service_processing.
2021-07-21 10:56:46.594 INFO [DefaultQuartzScheduler_Worker-1] com.x.program.center.schedule.FireSchedule - fire schedule className: com.x.processplatform.service.processing.schedule.PassExpired, cron: 5 5 8-18 * * ?, node: 127.0.0.1, application: com.x.base.core.project.x_processplatform_service_processing.
2021-07-21 10:56:46.602 INFO [DefaultQuartzScheduler_Worker-1] com.x.program.center.schedule.FireSchedule - fire schedule className: com.x.processplatform.service.processing.schedule.TouchDelay, cron: 5 0/5 * * * ?, node: 127.0.0.1, application: com.x.base.core.project.x_processplatform_service_processing.
2021-07-21 10:56:46.609 INFO [DefaultQuartzScheduler_Worker-1] com.x.program.center.schedule.FireSchedule - fire schedule className: com.x.processplatform.service.processing.schedule.TouchDetained, cron: 30 30 12 * * ?, node: 127.0.0.1, application: com.x.base.core.project.x_processplatform_service_processing.
2021-07-21 10:56:46.615 INFO [DefaultQuartzScheduler_Worker-1] com.x.program.center.schedule.FireSchedule - fire schedule className: com.x.hotpic.assemble.control.schedule.InfoExistsCheckTask, cron: 0 0/10 * * * ?, node: 127.0.0.1, application: com.x.base.core.project.x_hotpic_assemble_control.
2021-07-21 10:56:46.654 INFO [DefaultQuartzScheduler_Worker-1] com.x.program.center.schedule.FireSchedule - fire schedule className: com.x.bbs.assemble.control.schedule.SubjectTotalStatisticTask, cron: 0 0 1 * * ?, node: 127.0.0.1, application: com.x.base.core.project.x_bbs_assemble_control.
2021-07-21 10:56:46.689 INFO [DefaultQuartzScheduler_Worker-1] com.x.program.center.schedule.FireSchedule - fire schedule className: com.x.bbs.assemble.control.schedule.UserCountTodaySetZeroTask, cron: 0 1 0 * * ?, node: 127.0.0.1, application: com.x.base.core.project.x_bbs_assemble_control.
2021-07-21 10:56:46.697 INFO [DefaultQuartzScheduler_Worker-1] com.x.program.center.schedule.FireSchedule - fire schedule className: com.x.bbs.assemble.control.schedule.MarketSubjectTypeTask, cron: 0 0 1 * * ?, node: 127.0.0.1, application: com.x.base.core.project.x_bbs_assemble_control.
2021-07-21 10:56:46.704 INFO [DefaultQuartzScheduler_Worker-1] com.x.program.center.schedule.FireSchedule - fire schedule className: com.x.bbs.assemble.control.schedule.SubjectReplyTotalStatisticTask, cron: 0 40 * * * ?, node: 127.0.0.1, application: com.x.base.core.project.x_bbs_assemble_control.
2021-07-21 10:56:46.710 INFO [DefaultQuartzScheduler_Worker-1] com.x.program.center.schedule.FireSchedule - fire schedule className: com.x.bbs.assemble.control.schedule.UserSubjectReplyPermissionStatisticTask, cron: 0 0/30 * * * ?, node: 127.0.0.1, application: com.x.base.core.project.x_bbs_assemble_control.
2021-07-21 10:56:46.718 INFO [DefaultQuartzScheduler_Worker-1] com.x.program.center.schedule.FireSchedule - fire schedule className: com.x.cms.assemble.control.timertask.Timertask_LogRecordCheckTask, cron: 0 0 2 * * ?, node: 127.0.0.1, application: com.x.base.core.project.x_cms_assemble_control.
2021-07-21 10:56:46.736 INFO [DefaultQuartzScheduler_Worker-1] com.x.program.center.schedule.FireSchedule - fire schedule className: com.x.cms.assemble.control.timertask.Timertask_BatchOperationTask, cron: 0 */5 * * * ?, node: 127.0.0.1, application: com.x.base.core.project.x_cms_assemble_control.
2021-07-21 10:56:46.744 INFO [DefaultQuartzScheduler_Worker-1] com.x.program.center.schedule.FireSchedule - fire schedule className: com.x.cms.assemble.control.timertask.Timertask_RefreshAllDocumentReviews, cron: 0 0 2 * * ?, node: 127.0.0.1, application: com.x.base.core.project.x_cms_assemble_control.
2021-07-21 10:56:46.752 INFO [DefaultQuartzScheduler_Worker-1] com.x.program.center.schedule.FireSchedule - fire schedule className: com.x.query.service.processing.schedule.CrawlWork, cron: 40 40 10,12,14,16 * * ?, node: 127.0.0.1, application: com.x.base.core.project.x_query_service_processing.
2021-07-21 10:56:46.786 INFO [DefaultQuartzScheduler_Worker-1] com.x.program.center.schedule.FireSchedule - fire schedule className: com.x.query.service.processing.schedule.CrawlWorkCompleted, cron: 50 50 21 * * ?, node: 127.0.0.1, application: com.x.base.core.project.x_query_service_processing.
2021-07-21 10:56:46.796 INFO [DefaultQuartzScheduler_Worker-1] com.x.program.center.schedule.FireSchedule - fire schedule className: com.x.query.service.processing.schedule.CrawlCms, cron: 30 30 9,12,15,18 * * ?, node: 127.0.0.1, application: com.x.base.core.project.x_query_service_processing.
2021-07-21 10:56:46.803 INFO [DefaultQuartzScheduler_Worker-1] com.x.program.center.schedule.FireSchedule - fire schedule className: com.x.attendance.assemble.control.schedule.AttendanceStatisticTask, cron: 0 0 0/4 * * ?, node: 127.0.0.1, application: com.x.base.core.project.x_attendance_assemble_control.
2021-07-21 10:56:46.849 INFO [DefaultQuartzScheduler_Worker-1] com.x.program.center.schedule.FireSchedule - fire schedule className: com.x.attendance.assemble.control.schedule.DetailLastDayRecordAnalyseTask, cron: 0 0 1 * * ?, node: 127.0.0.1, application: com.x.base.core.project.x_attendance_assemble_control.
2021-07-21 10:56:46.860 INFO [DefaultQuartzScheduler_Worker-1] com.x.program.center.schedule.FireSchedule - fire schedule className: com.x.organization.assemble.authentication.schedule.CleanupBind, cron: 0 */15 * * * ?, node: 127.0.0.1, application: com.x.base.core.project.x_organization_assemble_authentication.
2021-07-21 10:56:46.890 INFO [DefaultQuartzScheduler_Worker-1] com.x.program.center.schedule.FireSchedule - fire schedule className: com.x.organization.assemble.authentication.schedule.CleanupOauthCode, cron: 0 */15 * * * ?, node: 127.0.0.1, application: com.x.base.core.project.x_organization_assemble_authentication.
2021-07-21 10:56:46.899 INFO [DefaultQuartzScheduler_Worker-1] com.x.program.center.schedule.FireSchedule - fire schedule className: com.x.organization.assemble.personal.schedule.DisableExpiredEmpower, cron: 0 0/20 * * * ?, node: 127.0.0.1, application: com.x.base.core.project.x_organization_assemble_personal.
2021-07-21 10:56:47.520 PRINT [DefaultQuartzScheduler_Worker-1] com.x.general.assemble.control.schedule.Clean - 开始定时清理过期的缓存附件！
2021-07-21 10:56:47.758 INFO [DefaultQuartzScheduler_Worker-1] com.x.cms.assemble.control.timertask.Timertask_BatchOperationTask - Timertask_BatchOperationTask -> not found any cms batch operation, try to check unreview document in database......
2021-07-21 10:56:47.767 INFO [DefaultQuartzScheduler_Worker-1] com.x.bbs.assemble.control.schedule.SubjectTotalStatisticTask - Timertask[SubjectReplyTotalStatisticTask] completed and excute success.
2021-07-21 10:56:47.948 INFO [DefaultQuartzScheduler_Worker-2] com.x.bbs.assemble.control.schedule.UserCountTodaySetZeroTask - Timertask[UserSubjectReplyStatisticTask] completed and excute success.
2021-07-21 10:56:48.036 INFO [DefaultQuartzScheduler_Worker-2] com.x.cms.assemble.control.timertask.Timertask_LogRecordCheckTask - Timertask_LogRecordCheckTask -> clean operation logs excute success. stay_yearnum:1,stay_count:100000
2021-07-21 10:56:48.082 INFO [DefaultQuartzScheduler_Worker-2] com.x.bbs.assemble.control.schedule.SubjectReplyTotalStatisticTask - Timertask[SubjectTotalStatisticTask] completed and excute success.
2021-07-21 10:56:48.125 INFO [DefaultQuartzScheduler_Worker-2] com.x.bbs.assemble.control.schedule.UserSubjectReplyPermissionStatisticTask - Timertask[UserSubjectReplyStatisticTask] completed and excute success.
2021-07-21 10:56:48.159 INFO [DefaultQuartzScheduler_Worker-1] com.x.bbs.assemble.control.schedule.MarketSubjectTypeTask - MarketSubjectTypeTask completed and applicationList:[]
2021-07-21 10:56:48.357 INFO [DefaultQuartzScheduler_Worker-2] com.x.cms.assemble.control.timertask.Timertask_LogRecordCheckTask - Timertask_LogRecordCheckTask -> clean view records excute success. stay_yeanumr:1,stay_count:100000
2021-07-21 10:56:48.403 INFO [DefaultQuartzScheduler_Worker-1] com.x.attendance.assemble.control.schedule.AttendanceStatisticTask - Timertask completed and excute success.
2021-07-21 10:56:48.520 INFO [DefaultQuartzScheduler_Worker-2] com.x.attendance.assemble.control.schedule.DetailLastDayRecordAnalyseTask - Timertask DetailLastDayRecordAnalyseTask completed and excute success.
2021-07-21 10:56:48.835 INFO [DefaultQuartzScheduler_Worker-1] com.x.cms.assemble.control.timertask.Timertask_BatchOperationTask - Timertask_BatchOperationTask -> batch operations timer task excute completed.
2021-07-21 10:56:49.212 INFO [DefaultQuartzScheduler_Worker-1] com.x.calendar.assemble.control.schedule.AlarmTrigger - The trigger for calendar alarm execute completed.Wed Jul 21 10:56:49 GMT+08:00 2021
2021-07-21 10:56:49.222 INFO [DefaultQuartzScheduler_Worker-2] com.x.calendar.assemble.control.schedule.CheckEventComment - The trigger for calendar alarm execute completed.Wed Jul 21 10:56:49 GMT+08:00 2021
2021-07-21 10:56:49.606 PRINT [DefaultQuartzScheduler_Worker-1] com.x.general.assemble.control.schedule.Clean - 清理过期的缓存附件：0 条, 耗时: 2084ms.
2021-07-21 10:56:49.746 INFO [DefaultQuartzScheduler_Worker-1] com.x.hotpic.assemble.control.service.HotPictureInfoServiceAdv - Hotpicture document exists check excute completed.
2021-07-21 10:56:49.747 INFO [DefaultQuartzScheduler_Worker-1] com.x.hotpic.assemble.control.schedule.InfoExistsCheckTask - Timertask Hotpicture InfoExistsCheckTask excute completed.
2021-07-21 10:56:49.803 PRINT [DefaultQuartzScheduler_Worker-1] com.x.processplatform.service.processing.schedule.Expire - 标识0个过期待办, 0个待办处于挂起状态, 耗时:2195ms.
2021-07-21 10:56:49.969 PRINT [DefaultQuartzScheduler_Worker-1] com.x.message.assemble.communicate.schedule.Clean - 清理过期的消息内容,其中主体消息: 0 条, 消息: 0 条, 耗时: 2364ms.
2021-07-21 10:56:50.121 PRINT [DefaultQuartzScheduler_Worker-2] com.x.processplatform.service.processing.schedule.LogLongDetained - 记录长时间停滞工作0个,待办0个,待阅0个, 耗时:2509ms.
2021-07-21 10:56:50.132 PRINT [DefaultQuartzScheduler_Worker-2] com.x.processplatform.service.processing.schedule.TouchDelay - 完成触发0个延时工作, 耗时:3ms.
2021-07-21 10:56:50.149 PRINT [DefaultQuartzScheduler_Worker-2] com.x.processplatform.service.processing.schedule.TouchDetained - 完成0个停滞工作触发, 耗时:3ms.
2021-07-21 10:56:50.220 PRINT [DefaultQuartzScheduler_Worker-1] com.x.query.service.processing.schedule.CrawlWork - 工作索引器运行完成, 工作总数:0, 新索引工作数量:0, 轮询更新工作数量:0, 已索引条目总数:0, 已索引条目更新数量:0, 合并更新数量:0, 数量限制:50, 耗时2356ms.
2021-07-21 10:56:50.235 PRINT [DefaultQuartzScheduler_Worker-2] com.x.query.service.processing.schedule.CrawlWorkCompleted - 完成工作索引器运行完成, 已完成工作总数:0, 新索引已完成工作数量:0, 轮询更新已完成工作数量:0, 已索引条目总数:0, 已索引条目更新数量:0, 合并更新数量:0, 数量限制:500, 耗时2365ms.
2021-07-21 10:56:50.442 PRINT [DefaultQuartzScheduler_Worker-2] com.x.query.service.processing.schedule.CrawlCms - 内容管理索引器运行完成, 文档总数:0, 新索引文档数量:0, 轮询更新文档数量:0, 已索引条目总数:0, 已索引条目更新数量:0, 合并更新数量:0, 数量限制:50, 耗时198ms.
2021-07-21 10:58:46.371 INFO [DefaultQuartzScheduler_Worker-1] com.x.program.center.schedule.FireSchedule - fire schedule className: com.x.calendar.assemble.control.schedule.AlarmTrigger, cron: 0/30 * * * * ?, node: 127.0.0.1, application: com.x.base.core.project.x_calendar_assemble_control.
2021-07-21 10:58:46.386 INFO [DefaultQuartzScheduler_Worker-1] com.x.program.center.schedule.FireSchedule - fire schedule className: com.x.processplatform.assemble.surface.schedule.CleanKeyLock, cron: 2 0/2 * * * ?, node: 127.0.0.1, application: com.x.base.core.project.x_processplatform_assemble_surface.
2021-07-21 10:58:47.382 INFO [DefaultQuartzScheduler_Worker-1] com.x.calendar.assemble.control.schedule.AlarmTrigger - The trigger for calendar alarm execute completed.Wed Jul 21 10:58:47 GMT+08:00 2021
2021-07-21 11:00:46.362 INFO [DefaultQuartzScheduler_Worker-1] com.x.program.center.schedule.FireSchedule - fire schedule className: com.x.calendar.assemble.control.schedule.AlarmTrigger, cron: 0/30 * * * * ?, node: 127.0.0.1, application: com.x.base.core.project.x_calendar_assemble_control.
2021-07-21 11:00:46.376 INFO [DefaultQuartzScheduler_Worker-1] com.x.program.center.schedule.FireSchedule - fire schedule className: com.x.processplatform.assemble.surface.schedule.CleanKeyLock, cron: 2 0/2 * * * ?, node: 127.0.0.1, application: com.x.base.core.project.x_processplatform_assemble_surface.
2021-07-21 11:00:46.389 INFO [DefaultQuartzScheduler_Worker-1] com.x.program.center.schedule.FireSchedule - fire schedule className: com.x.processplatform.service.processing.schedule.Expire, cron: 45 0/15 8-18 * * ?, node: 127.0.0.1, application: com.x.base.core.project.x_processplatform_service_processing.
2021-07-21 11:00:46.399 INFO [DefaultQuartzScheduler_Worker-1] com.x.program.center.schedule.FireSchedule - fire schedule className: com.x.processplatform.service.processing.schedule.TouchDelay, cron: 5 0/5 * * * ?, node: 127.0.0.1, application: com.x.base.core.project.x_processplatform_service_processing.
2021-07-21 11:00:46.406 INFO [DefaultQuartzScheduler_Worker-1] com.x.program.center.schedule.FireSchedule - fire schedule className: com.x.hotpic.assemble.control.schedule.InfoExistsCheckTask, cron: 0 0/10 * * * ?, node: 127.0.0.1, application: com.x.base.core.project.x_hotpic_assemble_control.
2021-07-21 11:00:46.420 INFO [DefaultQuartzScheduler_Worker-1] com.x.program.center.schedule.FireSchedule - fire schedule className: com.x.bbs.assemble.control.schedule.UserSubjectReplyPermissionStatisticTask, cron: 0 0/30 * * * ?, node: 127.0.0.1, application: com.x.base.core.project.x_bbs_assemble_control.
2021-07-21 11:00:46.427 INFO [DefaultQuartzScheduler_Worker-1] com.x.program.center.schedule.FireSchedule - fire schedule className: com.x.cms.assemble.control.timertask.Timertask_BatchOperationTask, cron: 0 */5 * * * ?, node: 127.0.0.1, application: com.x.base.core.project.x_cms_assemble_control.
2021-07-21 11:00:46.449 INFO [DefaultQuartzScheduler_Worker-1] com.x.program.center.schedule.FireSchedule - fire schedule className: com.x.organization.assemble.authentication.schedule.CleanupBind, cron: 0 */15 * * * ?, node: 127.0.0.1, application: com.x.base.core.project.x_organization_assemble_authentication.
2021-07-21 11:00:46.455 INFO [DefaultQuartzScheduler_Worker-1] com.x.program.center.schedule.FireSchedule - fire schedule className: com.x.organization.assemble.authentication.schedule.CleanupOauthCode, cron: 0 */15 * * * ?, node: 127.0.0.1, application: com.x.base.core.project.x_organization_assemble_authentication.
2021-07-21 11:00:46.460 INFO [DefaultQuartzScheduler_Worker-1] com.x.program.center.schedule.FireSchedule - fire schedule className: com.x.organization.assemble.personal.schedule.DisableExpiredEmpower, cron: 0 0/20 * * * ?, node: 127.0.0.1, application: com.x.base.core.project.x_organization_assemble_personal.
2021-07-21 11:00:47.381 INFO [DefaultQuartzScheduler_Worker-2] com.x.calendar.assemble.control.schedule.AlarmTrigger - The trigger for calendar alarm execute completed.Wed Jul 21 11:00:47 GMT+08:00 2021
2021-07-21 11:00:47.398 PRINT [DefaultQuartzScheduler_Worker-2] com.x.processplatform.service.processing.schedule.Expire - 标识0个过期待办, 0个待办处于挂起状态, 耗时:4ms.
2021-07-21 11:00:47.408 PRINT [DefaultQuartzScheduler_Worker-1] com.x.processplatform.service.processing.schedule.TouchDelay - 完成触发0个延时工作, 耗时:4ms.
2021-07-21 11:00:47.419 INFO [DefaultQuartzScheduler_Worker-2] com.x.hotpic.assemble.control.service.HotPictureInfoServiceAdv - Hotpicture document exists check excute completed.
2021-07-21 11:00:47.420 INFO [DefaultQuartzScheduler_Worker-2] com.x.hotpic.assemble.control.schedule.InfoExistsCheckTask - Timertask Hotpicture InfoExistsCheckTask excute completed.
2021-07-21 11:00:47.432 INFO [DefaultQuartzScheduler_Worker-2] com.x.bbs.assemble.control.schedule.UserSubjectReplyPermissionStatisticTask - Timertask[UserSubjectReplyStatisticTask] completed and excute success.
2021-07-21 11:00:47.440 INFO [DefaultQuartzScheduler_Worker-1] com.x.cms.assemble.control.timertask.Timertask_BatchOperationTask - Timertask_BatchOperationTask -> not found any cms batch operation, try to check unreview document in database......
2021-07-21 11:00:47.444 INFO [DefaultQuartzScheduler_Worker-1] com.x.cms.assemble.control.timertask.Timertask_BatchOperationTask - Timertask_BatchOperationTask -> batch operations timer task excute completed.
